<?xml version="1.0" encoding="UTF-8"?>
<!-- Generated by org.testng.reporters.JUnitXMLReporter -->
<testsuite hostname="LAPTOP-02EF66VJ" ignored="0" name="Default test" tests="4" failures="0" timestamp="2023-03-10T20:54:16 IST" time="0.165" errors="0">
  <testcase name="@BeforeTest setup" time="-1.678461856071E9" classname="testScript.ProductStorePageTest">
    <failure type="org.testng.TestNGException" message="
Parameter &amp;apos;browser&amp;apos; is required by BeforeTest on method setup but has not been marked @Optional or defined
in C:\Users\ASUS\AppData\Local\Temp\testng-eclipse--950141204\testng-customsuite.xml">
      <![CDATA[org.testng.TestNGException: 
Parameter 'browser' is required by BeforeTest on method setup but has not been marked @Optional or defined
in C:\Users\ASUS\AppData\Local\Temp\testng-eclipse--950141204\testng-customsuite.xml
at org.testng.internal.Parameters.createParams(Parameters.java:267)
at org.testng.internal.Parameters.createParametersForMethod(Parameters.java:355)
at org.testng.internal.Parameters.createParameters(Parameters.java:660)
at org.testng.internal.Parameters.createConfigurationParameters(Parameters.java:166)
at org.testng.internal.invokers.ConfigInvoker.invokeConfigurations(ConfigInvoker.java:300)
at org.testng.TestRunner.invokeTestConfigurations(TestRunner.java:645)
at org.testng.TestRunner.beforeRun(TestRunner.java:634)
at org.testng.TestRunner.run(TestRunner.java:596)
at org.testng.SuiteRunner.runTest(SuiteRunner.java:429)
at org.testng.SuiteRunner.runSequentially(SuiteRunner.java:423)
at org.testng.SuiteRunner.privateRun(SuiteRunner.java:383)
at org.testng.SuiteRunner.run(SuiteRunner.java:326)
at org.testng.SuiteRunnerWorker.runSuite(SuiteRunnerWorker.java:52)
at org.testng.SuiteRunnerWorker.run(SuiteRunnerWorker.java:95)
at org.testng.TestNG.runSuitesSequentially(TestNG.java:1249)
at org.testng.TestNG.runSuitesLocally(TestNG.java:1169)
at org.testng.TestNG.runSuites(TestNG.java:1092)
at org.testng.TestNG.run(TestNG.java:1060)
at org.testng.remote.AbstractRemoteTestNG.run(AbstractRemoteTestNG.java:115)
at org.testng.remote.RemoteTestNG.initAndRun(RemoteTestNG.java:251)
at org.testng.remote.RemoteTestNG.main(RemoteTestNG.java:77)
]]>
    </failure>
  </testcase> <!-- @BeforeTest setup -->
  <testcase name="@BeforeClass getExtent" time="0.0" classname="testScript.ProductStorePageTest">
    <skipped/>
  </testcase> <!-- @BeforeClass getExtent -->
  <testcase name="@AfterMethod finishExtent" time="0.0" classname="testScript.ProductStorePageTest">
    <skipped/>
  </testcase> <!-- @AfterMethod finishExtent -->
  <testcase name="@AfterMethod finishExtent" time="0.0" classname="testScript.ProductStorePageTest">
    <skipped/>
  </testcase> <!-- @AfterMethod finishExtent -->
  <testcase name="@AfterMethod finishExtent" time="0.0" classname="testScript.ProductStorePageTest">
    <skipped/>
  </testcase> <!-- @AfterMethod finishExtent -->
  <testcase name="@AfterMethod finishExtent" time="0.0" classname="testScript.ProductStorePageTest">
    <skipped/>
  </testcase> <!-- @AfterMethod finishExtent -->
  <testcase name="@AfterTest tearDown" time="0.0" classname="testScript.ProductStorePageTest">
    <skipped/>
  </testcase> <!-- @AfterTest tearDown -->
  <testcase name="loginTest" time="0.0" classname="testScript.ProductStorePageTest">
    <skipped/>
  </testcase> <!-- loginTest -->
  <testcase name="addMulItemtoCart" time="0.0" classname="testScript.ProductStorePageTest">
    <skipped/>
  </testcase> <!-- addMulItemtoCart -->
  <testcase name="deleteanItemTest" time="0.0" classname="testScript.ProductStorePageTest">
    <skipped/>
  </testcase> <!-- deleteanItemTest -->
  <testcase name="placeAnOrderTest" time="0.0" classname="testScript.ProductStorePageTest">
    <skipped/>
  </testcase> <!-- placeAnOrderTest -->
</testsuite> <!-- Default test -->
